CRITICAL - 2024-07-11 03:32:40 --> ErrorException: Undefined variable $Titulo
[Method: GET, Route: Principal]
in APPPATH\Views\FrontEnd\Head_view.php on line 6.
 1 APPPATH\Views\FrontEnd\Head_view.php(6): CodeIgniter\Debug\Exceptions->errorHandler(2, 'Undefined variable $Titulo', 'C:\\xampp\\htdocs\\Primer_Proyecto\\app\\Views\\FrontEnd\\Head_view.php', 6)
 2 SYSTEMPATH\View\View.php(234): include('C:\\xampp\\htdocs\\Primer_Proyecto\\app\\Views\\FrontEnd\\Head_view.php')
 3 SYSTEMPATH\View\View.php(237): CodeIgniter\View\View->CodeIgniter\View\{closure}()
 4 SYSTEMPATH\Common.php(1171): CodeIgniter\View\View->render('Frontend/head_view', [], true)
 5 APPPATH\Controllers\Home.php(9): view('Frontend/head_view')
 6 SYSTEMPATH\CodeIgniter.php(933): App\Controllers\Home->index()
 7 SYSTEMPATH\CodeIgniter.php(509): CodeIgniter\CodeIgniter->runController(Object(App\Controllers\Home))
 8 SYSTEMPATH\CodeIgniter.php(355): CodeIgniter\CodeIgniter->handleRequest(null, Object(Config\Cache), false)
 9 SYSTEMPATH\Boot.php(325): CodeIgniter\CodeIgniter->run()
10 SYSTEMPATH\Boot.php(67): CodeIgniter\Boot::runCodeIgniter(Object(CodeIgniter\CodeIgniter))
11 FCPATH\index.php(56): CodeIgniter\Boot::bootWeb(Object(Config\Paths))
CRITICAL - 2024-07-11 22:25:59 --> CodeIgniter\View\Exceptions\ViewException: Invalid file: "Frontend/registrarse.php"
[Method: GET, Route: registrarse]
in SYSTEMPATH\Exceptions\FrameworkException.php on line 41.
 1 SYSTEMPATH\View\View.php(222): CodeIgniter\Exceptions\FrameworkException::forInvalidFile('Frontend/registrarse.php')
 2 SYSTEMPATH\Common.php(1171): CodeIgniter\View\View->render('Frontend/registrarse', [], true)
 3 APPPATH\Controllers\Home.php(39): view('Frontend/registrarse')
 4 SYSTEMPATH\CodeIgniter.php(933): App\Controllers\Home->Registrarse()
 5 SYSTEMPATH\CodeIgniter.php(509): CodeIgniter\CodeIgniter->runController(Object(App\Controllers\Home))
 6 SYSTEMPATH\CodeIgniter.php(355): CodeIgniter\CodeIgniter->handleRequest(null, Object(Config\Cache), false)
 7 SYSTEMPATH\Boot.php(325): CodeIgniter\CodeIgniter->run()
 8 SYSTEMPATH\Boot.php(67): CodeIgniter\Boot::runCodeIgniter(Object(CodeIgniter\CodeIgniter))
 9 FCPATH\index.php(56): CodeIgniter\Boot::bootWeb(Object(Config\Paths))
CRITICAL - 2024-07-11 22:26:04 --> CodeIgniter\View\Exceptions\ViewException: Invalid file: "Frontend/ingresar.php"
[Method: GET, Route: ingresar]
in SYSTEMPATH\Exceptions\FrameworkException.php on line 41.
 1 SYSTEMPATH\View\View.php(222): CodeIgniter\Exceptions\FrameworkException::forInvalidFile('Frontend/ingresar.php')
 2 SYSTEMPATH\Common.php(1171): CodeIgniter\View\View->render('Frontend/ingresar', [], true)
 3 APPPATH\Controllers\Home.php(48): view('Frontend/ingresar')
 4 SYSTEMPATH\CodeIgniter.php(933): App\Controllers\Home->Ingresar()
 5 SYSTEMPATH\CodeIgniter.php(509): CodeIgniter\CodeIgniter->runController(Object(App\Controllers\Home))
 6 SYSTEMPATH\CodeIgniter.php(355): CodeIgniter\CodeIgniter->handleRequest(null, Object(Config\Cache), false)
 7 SYSTEMPATH\Boot.php(325): CodeIgniter\CodeIgniter->run()
 8 SYSTEMPATH\Boot.php(67): CodeIgniter\Boot::runCodeIgniter(Object(CodeIgniter\CodeIgniter))
 9 FCPATH\index.php(56): CodeIgniter\Boot::bootWeb(Object(Config\Paths))
CRITICAL - 2024-07-11 22:33:38 --> CodeIgniter\View\Exceptions\ViewException: Invalid file: "Frontend/registrarse.php"
[Method: GET, Route: registrarse]
in SYSTEMPATH\Exceptions\FrameworkException.php on line 41.
 1 SYSTEMPATH\View\View.php(222): CodeIgniter\Exceptions\FrameworkException::forInvalidFile('Frontend/registrarse.php')
 2 SYSTEMPATH\Common.php(1171): CodeIgniter\View\View->render('Frontend/registrarse', [], true)
 3 APPPATH\Controllers\Home.php(39): view('Frontend/registrarse')
 4 SYSTEMPATH\CodeIgniter.php(933): App\Controllers\Home->Registrarse()
 5 SYSTEMPATH\CodeIgniter.php(509): CodeIgniter\CodeIgniter->runController(Object(App\Controllers\Home))
 6 SYSTEMPATH\CodeIgniter.php(355): CodeIgniter\CodeIgniter->handleRequest(null, Object(Config\Cache), false)
 7 SYSTEMPATH\Boot.php(325): CodeIgniter\CodeIgniter->run()
 8 SYSTEMPATH\Boot.php(67): CodeIgniter\Boot::runCodeIgniter(Object(CodeIgniter\CodeIgniter))
 9 FCPATH\index.php(56): CodeIgniter\Boot::bootWeb(Object(Config\Paths))
CRITICAL - 2024-07-11 23:09:01 --> CodeIgniter\View\Exceptions\ViewException: Invalid file: "Frontend/registrarse.php"
[Method: GET, Route: registrarse]
in SYSTEMPATH\Exceptions\FrameworkException.php on line 41.
 1 SYSTEMPATH\View\View.php(222): CodeIgniter\Exceptions\FrameworkException::forInvalidFile('Frontend/registrarse.php')
 2 SYSTEMPATH\Common.php(1171): CodeIgniter\View\View->render('Frontend/registrarse', [], true)
 3 APPPATH\Controllers\Home.php(39): view('Frontend/registrarse')
 4 SYSTEMPATH\CodeIgniter.php(933): App\Controllers\Home->Registrarse()
 5 SYSTEMPATH\CodeIgniter.php(509): CodeIgniter\CodeIgniter->runController(Object(App\Controllers\Home))
 6 SYSTEMPATH\CodeIgniter.php(355): CodeIgniter\CodeIgniter->handleRequest(null, Object(Config\Cache), false)
 7 SYSTEMPATH\Boot.php(325): CodeIgniter\CodeIgniter->run()
 8 SYSTEMPATH\Boot.php(67): CodeIgniter\Boot::runCodeIgniter(Object(CodeIgniter\CodeIgniter))
 9 FCPATH\index.php(56): CodeIgniter\Boot::bootWeb(Object(Config\Paths))
