CRITICAL - 2024-06-20 23:33:27 --> CodeIgniter\View\Exceptions\ViewException: Invalid file: "Frontend/registrarse.php"
[Method: GET, Route: registrarse]
in SYSTEMPATH\Exceptions\FrameworkException.php on line 41.
 1 SYSTEMPATH\View\View.php(222): CodeIgniter\Exceptions\FrameworkException::forInvalidFile('Frontend/registrarse.php')
 2 SYSTEMPATH\Common.php(1171): CodeIgniter\View\View->render('Frontend/registrarse', [], true)
 3 APPPATH\Controllers\Home.php(35): view('Frontend/registrarse')
 4 SYSTEMPATH\CodeIgniter.php(933): App\Controllers\Home->Registrarse()
 5 SYSTEMPATH\CodeIgniter.php(509): CodeIgniter\CodeIgniter->runController(Object(App\Controllers\Home))
 6 SYSTEMPATH\CodeIgniter.php(355): CodeIgniter\CodeIgniter->handleRequest(null, Object(Config\Cache), false)
 7 SYSTEMPATH\Boot.php(325): CodeIgniter\CodeIgniter->run()
 8 SYSTEMPATH\Boot.php(67): CodeIgniter\Boot::runCodeIgniter(Object(CodeIgniter\CodeIgniter))
 9 FCPATH\index.php(56): CodeIgniter\Boot::bootWeb(Object(Config\Paths))
CRITICAL - 2024-06-20 23:33:46 --> CodeIgniter\View\Exceptions\ViewException: Invalid file: "Frontend/registrarse.php"
[Method: GET, Route: registrarse]
in SYSTEMPATH\Exceptions\FrameworkException.php on line 41.
 1 SYSTEMPATH\View\View.php(222): CodeIgniter\Exceptions\FrameworkException::forInvalidFile('Frontend/registrarse.php')
 2 SYSTEMPATH\Common.php(1171): CodeIgniter\View\View->render('Frontend/registrarse', [], true)
 3 APPPATH\Controllers\Home.php(35): view('Frontend/registrarse')
 4 SYSTEMPATH\CodeIgniter.php(933): App\Controllers\Home->Registrarse()
 5 SYSTEMPATH\CodeIgniter.php(509): CodeIgniter\CodeIgniter->runController(Object(App\Controllers\Home))
 6 SYSTEMPATH\CodeIgniter.php(355): CodeIgniter\CodeIgniter->handleRequest(null, Object(Config\Cache), false)
 7 SYSTEMPATH\Boot.php(325): CodeIgniter\CodeIgniter->run()
 8 SYSTEMPATH\Boot.php(67): CodeIgniter\Boot::runCodeIgniter(Object(CodeIgniter\CodeIgniter))
 9 FCPATH\index.php(56): CodeIgniter\Boot::bootWeb(Object(Config\Paths))
